<?xml version="1.0" encoding="utf-8"?><testsuites name="pytest tests"><testsuite name="pytest" errors="0" failures="0" skipped="0" tests="17" time="3.906" timestamp="2026-03-11T00:27:59.263554+00:00" hostname="agent-env-e8b445fb-7499-46a1-8b56-53ea90a926b4"><testcase classname="backend.tests.test_testimonials_push.TestTestimonialsAPI" name="test_get_approved_testimonials_public" time="0.180" /><testcase classname="backend.tests.test_testimonials_push.TestTestimonialsAPI" name="test_post_testimonial_requires_auth" time="0.119" /><testcase classname="backend.tests.test_testimonials_push.TestTestimonialsAPI" name="test_post_testimonial_as_pro_user" time="0.512" /><testcase classname="backend.tests.test_testimonials_push.TestTestimonialsAPI" name="test_admin_get_all_testimonials" time="0.131" /><testcase classname="backend.tests.test_testimonials_push.TestTestimonialsAPI" name="test_approved_testimonial_has_required_fields" time="0.120" /><testcase classname="backend.tests.test_testimonials_push.TestPushNotificationsAPI" name="test_push_status_requires_auth" time="0.131" /><testcase classname="backend.tests.test_testimonials_push.TestPushNotificationsAPI" name="test_get_push_status" time="0.509" /><testcase classname="backend.tests.test_testimonials_push.TestPushNotificationsAPI" name="test_subscribe_push_notifications" time="0.122" /><testcase classname="backend.tests.test_testimonials_push.TestPushNotificationsAPI" name="test_verify_push_enabled_after_subscribe" time="0.130" /><testcase classname="backend.tests.test_testimonials_push.TestPushNotificationsAPI" name="test_get_pending_notifications" time="0.115" /><testcase classname="backend.tests.test_testimonials_push.TestPushNotificationsAPI" name="test_unsubscribe_push_notifications" time="0.133" /><testcase classname="backend.tests.test_testimonials_push.TestPushNotificationsAPI" name="test_verify_push_disabled_after_unsubscribe" time="0.147" /><testcase classname="backend.tests.test_testimonials_push.TestPushNotificationsAPI" name="test_re_enable_push_for_testing" time="0.108" /><testcase classname="backend.tests.test_testimonials_push.TestLandingPageAPI" name="test_landing_page_loads" time="0.111" /><testcase classname="backend.tests.test_testimonials_push.TestLandingPageAPI" name="test_public_stats_endpoint" time="0.111" /><testcase classname="backend.tests.test_testimonials_push.TestAdminTestimonialsActions" name="test_admin_can_approve_testimonial" time="0.694" /><testcase classname="backend.tests.test_testimonials_push.TestAdminTestimonialsActions" name="test_admin_can_reject_testimonial" time="0.460" /></testsuite></testsuites>