<?xml version="1.0" encoding="utf-8"?><testsuites name="pytest tests"><testsuite name="pytest" errors="0" failures="0" skipped="0" tests="15" time="5.752" timestamp="2026-02-10T01:05:00.766323+00:00" hostname="agent-env-1313b913-a3b9-466f-8c63-6b68479e734c"><testcase classname="backend.tests.test_live_data_api.TestHealthAndAuth" name="test_health_endpoint" time="0.108" /><testcase classname="backend.tests.test_live_data_api.TestHealthAndAuth" name="test_signup_new_user" time="0.313" /><testcase classname="backend.tests.test_live_data_api.TestHealthAndAuth" name="test_signup_testuser" time="0.044" /><testcase classname="backend.tests.test_live_data_api.TestHealthAndAuth" name="test_login_existing_user" time="0.281" /><testcase classname="backend.tests.test_live_data_api.TestLineMovementsLive" name="test_line_movements_returns_live_source" time="0.470" /><testcase classname="backend.tests.test_live_data_api.TestOddsComparisonLive" name="test_odds_comparison_nba_returns_live_source" time="0.164" /><testcase classname="backend.tests.test_live_data_api.TestArbitrageScannerLive" name="test_arbitrage_scanner_requires_auth" time="0.038" /><testcase classname="backend.tests.test_live_data_api.TestArbitrageScannerLive" name="test_arbitrage_scanner_returns_real_data" time="0.840" /><testcase classname="backend.tests.test_live_data_api.TestEVScannerLive" name="test_ev_scanner_requires_auth" time="0.041" /><testcase classname="backend.tests.test_live_data_api.TestEVScannerLive" name="test_ev_scanner_returns_live_not_simulated" time="0.745" /><testcase classname="backend.tests.test_live_data_api.TestPlayerPropsLive" name="test_player_props_requires_auth" time="0.040" /><testcase classname="backend.tests.test_live_data_api.TestPlayerPropsLive" name="test_player_props_returns_live_not_sample" time="0.821" /><testcase classname="backend.tests.test_live_data_api.TestPlayerPropsLive" name="test_player_props_no_fake_lebron" time="0.850" /><testcase classname="backend.tests.test_live_data_api.TestParlayOptimizerLive" name="test_parlay_optimizer_requires_auth" time="0.039" /><testcase classname="backend.tests.test_live_data_api.TestParlayOptimizerLive" name="test_parlay_optimizer_returns_live_suggestions" time="0.761" /></testsuite></testsuites>