<?xml version="1.0" encoding="utf-8"?><testsuites name="pytest tests"><testsuite name="pytest" errors="0" failures="0" skipped="1" tests="25" time="11.959" timestamp="2026-02-15T02:25:01.394339+00:00" hostname="agent-env-752776b4-af77-49d1-9b21-827b439b9164"><testcase classname="backend.tests.test_weekly_leaderboard.TestWeeklyLeaderboard" name="test_weekly_leaderboard_requires_auth" time="0.149" /><testcase classname="backend.tests.test_weekly_leaderboard.TestWeeklyLeaderboard" name="test_weekly_leaderboard_with_invalid_token" time="0.117" /><testcase classname="backend.tests.test_weekly_leaderboard.TestWeeklyLeaderboard" name="test_weekly_leaderboard_pro_user_success" time="0.508" /><testcase classname="backend.tests.test_weekly_leaderboard.TestWeeklyLeaderboard" name="test_weekly_leaderboard_response_structure" time="0.501" /><testcase classname="backend.tests.test_weekly_leaderboard.TestWeeklyLeaderboard" name="test_weekly_leaderboard_picks_structure" time="0.566" /><testcase classname="backend.tests.test_weekly_leaderboard.TestWeeklyLeaderboard" name="test_weekly_leaderboard_win_rate_valid" time="0.515" /><testcase classname="backend.tests.test_weekly_leaderboard.TestBetOfDayAutoSave" name="test_bet_of_day_triggers_save_to_history" time="0.646" /><testcase classname="backend.tests.test_weekly_leaderboard.TestBetOfDayAutoSave" name="test_bet_of_day_pick_has_all_fields_for_tracking" time="0.481" /><testcase classname="backend.tests.test_weekly_leaderboard.TestDailyBetCardWinningProbability" name="test_daily_bet_card_has_winning_probability" time="0.516" /><testcase classname="backend.tests.test_weekly_leaderboard.TestFreeUserProGate" name="test_free_user_setup_and_pro_gate" time="0.118"><skipped type="pytest.skip" message="Could not create test user: {&quot;detail&quot;:&quot;Not Found&quot;}">/app/backend/tests/test_weekly_leaderboard.py:239: Could not create test user: {"detail":"Not Found"}</skipped></testcase><testcase classname="backend.tests.test_weekly_leaderboard.TestAPIEndpointsHealth" name="test_health_endpoint" time="0.114" /><testcase classname="backend.tests.test_weekly_leaderboard.TestAPIEndpointsHealth" name="test_bet_of_day_endpoint_exists" time="0.547" /><testcase classname="backend.tests.test_weekly_leaderboard.TestAPIEndpointsHealth" name="test_weekly_leaderboard_endpoint_exists" time="0.526" /><testcase classname="backend.tests.test_weekly_leaderboard.TestAPIEndpointsHealth" name="test_daily_picks_endpoint_exists" time="0.139" /><testcase classname="backend.tests.test_feature_updates.TestBetOfTheDay" name="test_bet_of_day_requires_auth" time="0.129" /><testcase classname="backend.tests.test_feature_updates.TestBetOfTheDay" name="test_bet_of_day_with_auth_returns_success" time="0.514" /><testcase classname="backend.tests.test_feature_updates.TestBetOfTheDay" name="test_bet_of_day_pick_has_required_fields" time="0.485" /><testcase classname="backend.tests.test_feature_updates.TestBetOfTheDay" name="test_bet_of_day_confidence_meter_data" time="0.467" /><testcase classname="backend.tests.test_feature_updates.TestDailyBetCardWinningProbability" name="test_daily_bet_card_picks_have_winning_probability" time="0.544" /><testcase classname="backend.tests.test_feature_updates.TestParlayOptimizer" name="test_parlay_optimizer_returns_optimal_parlays" time="0.733" /><testcase classname="backend.tests.test_feature_updates.TestParlayOptimizer" name="test_parlay_optimizer_parlays_have_2_legs" time="1.342" /><testcase classname="backend.tests.test_feature_updates.TestLineMoversRemoved" name="test_line_movements_endpoint_exists" time="1.561" /><testcase classname="backend.tests.test_feature_updates.TestDailyPicks" name="test_daily_picks_returns_picks_with_win_probability" time="0.164" /><testcase classname="backend.tests.test_feature_updates.TestAPIHealth" name="test_api_health" time="0.149" /><testcase classname="backend.tests.test_feature_updates.TestAPIHealth" name="test_auth_login_works" time="0.366" /></testsuite></testsuites>