<?xml version="1.0" encoding="utf-8"?><testsuites name="pytest tests"><testsuite name="pytest" errors="0" failures="0" skipped="0" tests="14" time="9.003" timestamp="2026-02-10T01:14:39.653021+00:00" hostname="agent-env-1313b913-a3b9-466f-8c63-6b68479e734c"><testcase classname="backend.tests.test_p2_enhancements.TestCLVTracking" name="test_my_stats_returns_avg_clv_field" time="0.477" /><testcase classname="backend.tests.test_p2_enhancements.TestCLVTracking" name="test_my_stats_returns_clv_bets_tracked_field" time="0.366" /><testcase classname="backend.tests.test_p2_enhancements.TestCLVTracking" name="test_my_stats_full_response_structure" time="0.376" /><testcase classname="backend.tests.test_p2_enhancements.TestEnhancedParlayOptimizer" name="test_parlay_optimizer_returns_optimal_parlays_array" time="0.781" /><testcase classname="backend.tests.test_p2_enhancements.TestEnhancedParlayOptimizer" name="test_optimal_parlays_structure" time="0.775" /><testcase classname="backend.tests.test_p2_enhancements.TestEnhancedParlayOptimizer" name="test_optimal_parlays_ev_calculation" time="0.681" /><testcase classname="backend.tests.test_p2_enhancements.TestEnhancedPlayerProps" name="test_player_props_has_is_value_field" time="0.873" /><testcase classname="backend.tests.test_p2_enhancements.TestEnhancedPlayerProps" name="test_player_props_has_edge_vs_avg_field" time="0.854" /><testcase classname="backend.tests.test_p2_enhancements.TestEnhancedPlayerProps" name="test_player_props_has_books_available_field" time="0.825" /><testcase classname="backend.tests.test_p2_enhancements.TestEnhancedPlayerProps" name="test_player_props_no_mock_data" time="0.861" /><testcase classname="backend.tests.test_p2_enhancements.TestLiveDataEndpoints" name="test_ev_scanner_returns_live_source" time="0.690" /><testcase classname="backend.tests.test_p2_enhancements.TestLiveDataEndpoints" name="test_arbitrage_scanner_returns_real_data" time="0.824" /><testcase classname="backend.tests.test_p2_enhancements.TestLiveDataEndpoints" name="test_line_movements_returns_live_source" time="0.398" /><testcase classname="backend.tests.test_p2_enhancements.TestLiveDataEndpoints" name="test_odds_comparison_returns_live_source" time="0.151" /></testsuite></testsuites>