<?xml version="1.0" encoding="utf-8"?><testsuites name="pytest tests"><testsuite name="pytest" errors="0" failures="0" skipped="0" tests="12" time="3.729" timestamp="2026-02-24T03:45:43.124280+00:00" hostname="agent-env-c09eeb1e-bd5b-4130-bcf4-4e96b49ff9de"><testcase classname="tests.test_admin_analytics.TestAdminAnalytics" name="test_analytics_overview_structure" time="0.603" /><testcase classname="tests.test_admin_analytics.TestAdminAnalytics" name="test_user_growth_endpoint" time="0.138" /><testcase classname="tests.test_admin_analytics.TestAdminAnalytics" name="test_analyses_trend_endpoint" time="0.119" /><testcase classname="tests.test_admin_analytics.TestAdminAnalytics" name="test_top_users_endpoint" time="0.113" /><testcase classname="tests.test_admin_analytics.TestAdminAnalytics" name="test_funnel_endpoint" time="0.132" /><testcase classname="tests.test_admin_analytics.TestAdminAnalytics" name="test_picks_performance_endpoint" time="0.114" /><testcase classname="tests.test_admin_analytics.TestTopBetsEndpoints" name="test_top_bets_enriched_fields" time="0.485" /><testcase classname="tests.test_admin_analytics.TestTopBetsEndpoints" name="test_top_bets_stats_endpoint" time="0.333" /><testcase classname="tests.test_admin_analytics.TestTopBetsEndpoints" name="test_top_bets_requires_admin" time="0.239" /><testcase classname="tests.test_admin_analytics.TestAdminAuth" name="test_admin_login" time="0.374" /><testcase classname="tests.test_admin_analytics.TestAdminAuth" name="test_analytics_requires_admin" time="0.768" /><testcase classname="tests.test_admin_analytics.TestHealthCheck" name="test_api_health" time="0.101" /></testsuite></testsuites>