<?xml version="1.0" encoding="utf-8"?><testsuites name="pytest tests"><testsuite name="pytest" errors="0" failures="0" skipped="0" tests="11" time="1.585" timestamp="2026-02-10T01:42:42.359759+00:00" hostname="agent-env-1313b913-a3b9-466f-8c63-6b68479e734c"><testcase classname="backend.tests.test_daily_bet_card.TestDailyBetCardAuth" name="test_daily_bet_card_no_auth_returns_403" time="0.084" /><testcase classname="backend.tests.test_daily_bet_card.TestDailyBetCardAuth" name="test_daily_bet_card_invalid_token_returns_401" time="0.043" /><testcase classname="backend.tests.test_daily_bet_card.TestDailyBetCardProGate" name="test_free_user_sees_pro_required" time="0.356" /><testcase classname="backend.tests.test_daily_bet_card.TestDailyBetCardProAccess" name="test_pro_user_gets_success_true" time="0.320" /><testcase classname="backend.tests.test_daily_bet_card.TestDailyBetCardProAccess" name="test_pro_user_gets_picks_array" time="0.040" /><testcase classname="backend.tests.test_daily_bet_card.TestDailyBetCardProAccess" name="test_pro_user_gets_metadata_fields" time="0.042" /><testcase classname="backend.tests.test_daily_bet_card.TestDailyBetCardPickData" name="test_pick_has_required_fields" time="0.324" /><testcase classname="backend.tests.test_daily_bet_card.TestDailyBetCardPickData" name="test_pick_sport_is_valid" time="0.000" /><testcase classname="backend.tests.test_daily_bet_card.TestDailyBetCardPickData" name="test_pick_edge_is_positive" time="0.000" /><testcase classname="backend.tests.test_daily_bet_card.TestDailyBetCardPickData" name="test_pick_confidence_is_valid" time="0.000" /><testcase classname="backend.tests.test_daily_bet_card.TestDailyBetCardSorting" name="test_picks_sorted_by_edge_descending" time="0.312" /></testsuite></testsuites>