<?xml version="1.0" encoding="utf-8"?><testsuites name="pytest tests"><testsuite name="pytest" errors="0" failures="0" skipped="0" tests="15" time="6.833" timestamp="2026-03-10T23:33:45.624999+00:00" hostname="agent-env-e8b445fb-7499-46a1-8b56-53ea90a926b4"><testcase classname="backend.tests.test_announcements_credits.TestAnnouncementsAndCredits" name="test_health_check" time="0.509" /><testcase classname="backend.tests.test_announcements_credits.TestAnnouncementsAndCredits" name="test_get_announcements_for_pro_user" time="0.463" /><testcase classname="backend.tests.test_announcements_credits.TestAnnouncementsAndCredits" name="test_create_announcement_admin" time="0.417" /><testcase classname="backend.tests.test_announcements_credits.TestAnnouncementsAndCredits" name="test_create_modal_announcement_admin" time="0.426" /><testcase classname="backend.tests.test_announcements_credits.TestAnnouncementsAndCredits" name="test_admin_get_all_announcements" time="0.431" /><testcase classname="backend.tests.test_announcements_credits.TestAnnouncementsAndCredits" name="test_dismiss_announcement" time="0.468" /><testcase classname="backend.tests.test_announcements_credits.TestAnnouncementsAndCredits" name="test_delete_announcement_admin" time="0.500" /><testcase classname="backend.tests.test_announcements_credits.TestAnnouncementsAndCredits" name="test_admin_add_credits_to_user" time="0.519" /><testcase classname="backend.tests.test_announcements_credits.TestAnnouncementsAndCredits" name="test_admin_add_custom_credits" time="0.456" /><testcase classname="backend.tests.test_announcements_credits.TestAnnouncementsAndCredits" name="test_usage_shows_bonus_credits" time="0.420" /><testcase classname="backend.tests.test_announcements_credits.TestAnnouncementsAndCredits" name="test_admin_users_list_includes_subscription_info" time="0.424" /><testcase classname="backend.tests.test_announcements_credits.TestAnnouncementTargeting" name="test_create_all_users_announcement" time="0.465" /><testcase classname="backend.tests.test_announcements_credits.TestAnnouncementTargeting" name="test_create_pro_only_announcement" time="0.425" /><testcase classname="backend.tests.test_announcements_credits.TestAnnouncementTargeting" name="test_create_free_only_announcement" time="0.422" /><testcase classname="backend.tests.test_announcements_credits.TestAnnouncementTargeting" name="test_verify_announcement_types" time="0.424" /></testsuite></testsuites>