<?xml version="1.0" encoding="utf-8"?><testsuites name="pytest tests"><testsuite name="pytest" errors="0" failures="0" skipped="0" tests="25" time="15.386" timestamp="2026-02-07T07:47:11.268616+00:00" hostname="agent-env-0704dd1e-9156-492e-b7f2-be0a2df1630f"><testcase classname="backend.tests.test_competitor_features.TestAIChatAssistant" name="test_chat_message_new_session" time="6.286" /><testcase classname="backend.tests.test_competitor_features.TestAIChatAssistant" name="test_chat_message_existing_session" time="7.728" /><testcase classname="backend.tests.test_competitor_features.TestAIChatAssistant" name="test_chat_get_sessions" time="0.040" /><testcase classname="backend.tests.test_competitor_features.TestAIChatAssistant" name="test_chat_get_history" time="0.038" /><testcase classname="backend.tests.test_competitor_features.TestAIChatAssistant" name="test_chat_unauthorized" time="0.036" /><testcase classname="backend.tests.test_competitor_features.TestPLPerformanceTracker" name="test_get_my_performance_stats" time="0.038" /><testcase classname="backend.tests.test_competitor_features.TestPLPerformanceTracker" name="test_performance_stats_unauthorized" time="0.036" /><testcase classname="backend.tests.test_competitor_features.TestEVScanner" name="test_get_ev_opportunities" time="0.035" /><testcase classname="backend.tests.test_competitor_features.TestEVScanner" name="test_ev_scanner_unauthorized" time="0.038" /><testcase classname="backend.tests.test_competitor_features.TestParlayBuilder" name="test_parlay_calculate_basic" time="0.035" /><testcase classname="backend.tests.test_competitor_features.TestParlayBuilder" name="test_parlay_calculate_correlation_warning" time="0.040" /><testcase classname="backend.tests.test_competitor_features.TestParlayBuilder" name="test_parlay_calculate_validation_min_legs" time="0.034" /><testcase classname="backend.tests.test_competitor_features.TestParlayBuilder" name="test_parlay_save" time="0.045" /><testcase classname="backend.tests.test_competitor_features.TestParlayBuilder" name="test_parlay_get_my_parlays" time="0.037" /><testcase classname="backend.tests.test_competitor_features.TestParlayBuilder" name="test_parlay_unauthorized" time="0.036" /><testcase classname="backend.tests.test_competitor_features.TestLeaderboard" name="test_get_leaderboard" time="0.035" /><testcase classname="backend.tests.test_competitor_features.TestExistingFeaturesStability" name="test_health_check" time="0.035" /><testcase classname="backend.tests.test_competitor_features.TestExistingFeaturesStability" name="test_login" time="0.278" /><testcase classname="backend.tests.test_competitor_features.TestExistingFeaturesStability" name="test_daily_picks" time="0.043" /><testcase classname="backend.tests.test_competitor_features.TestExistingFeaturesStability" name="test_line_movements" time="0.036" /><testcase classname="backend.tests.test_competitor_features.TestExistingFeaturesStability" name="test_odds_comparison" time="0.076" /><testcase classname="backend.tests.test_competitor_features.TestExistingFeaturesStability" name="test_admin_analytics" time="0.080" /><testcase classname="backend.tests.test_competitor_features.TestExistingFeaturesStability" name="test_referrals" time="0.079" /><testcase classname="backend.tests.test_competitor_features.TestExistingFeaturesStability" name="test_notifications" time="0.038" /><testcase classname="backend.tests.test_competitor_features.TestExistingFeaturesStability" name="test_analyses_history" time="0.044" /></testsuite></testsuites>