<?xml version="1.0" encoding="utf-8"?><testsuites name="pytest tests"><testsuite name="pytest" errors="0" failures="0" skipped="0" tests="18" time="7.439" timestamp="2026-03-11T00:40:22.256710+00:00" hostname="agent-env-e8b445fb-7499-46a1-8b56-53ea90a926b4"><testcase classname="backend.tests.test_weekly_leaderboard_v2.TestWeeklyLeaderboardPublic" name="test_weekly_leaderboard_is_public" time="0.314" /><testcase classname="backend.tests.test_weekly_leaderboard_v2.TestWeeklyLeaderboardPublic" name="test_weekly_leaderboard_response_structure" time="0.161" /><testcase classname="backend.tests.test_weekly_leaderboard_v2.TestWeeklyLeaderboardPublic" name="test_weekly_leaderboard_entry_structure" time="0.116" /><testcase classname="backend.tests.test_weekly_leaderboard_v2.TestWeeklyLeaderboardPublic" name="test_weekly_leaderboard_has_admin_user" time="0.129" /><testcase classname="backend.tests.test_weekly_leaderboard_v2.TestWeeklyLeaderboardPublic" name="test_weekly_leaderboard_win_rate_valid" time="0.105" /><testcase classname="backend.tests.test_weekly_leaderboard_v2.TestBetLogging" name="test_log_bet_requires_auth" time="0.755" /><testcase classname="backend.tests.test_weekly_leaderboard_v2.TestBetLogging" name="test_log_bet_win_success" time="0.515" /><testcase classname="backend.tests.test_weekly_leaderboard_v2.TestBetLogging" name="test_log_bet_loss_success" time="0.467" /><testcase classname="backend.tests.test_weekly_leaderboard_v2.TestBetLogging" name="test_log_bet_push_success" time="0.501" /><testcase classname="backend.tests.test_weekly_leaderboard_v2.TestBetLogging" name="test_log_bet_all_types" time="0.872" /><testcase classname="backend.tests.test_weekly_leaderboard_v2.TestUserBettingStats" name="test_betting_stats_requires_auth" time="0.149" /><testcase classname="backend.tests.test_weekly_leaderboard_v2.TestUserBettingStats" name="test_betting_stats_response_structure" time="0.504" /><testcase classname="backend.tests.test_weekly_leaderboard_v2.TestUserBettingStats" name="test_betting_stats_this_week_structure" time="0.480" /><testcase classname="backend.tests.test_weekly_leaderboard_v2.TestUserBettingStats" name="test_betting_stats_all_time_structure" time="0.564" /><testcase classname="backend.tests.test_weekly_leaderboard_v2.TestUserBettingStats" name="test_betting_stats_recent_bets_structure" time="0.491" /><testcase classname="backend.tests.test_weekly_leaderboard_v2.TestUserBettingStats" name="test_user_has_rank_when_qualified" time="0.468" /><testcase classname="backend.tests.test_weekly_leaderboard_v2.TestAPIHealthAndIntegration" name="test_health_endpoint" time="0.118" /><testcase classname="backend.tests.test_weekly_leaderboard_v2.TestAPIHealthAndIntegration" name="test_leaderboard_and_stats_data_consistency" time="0.659" /></testsuite></testsuites>