<?xml version="1.0" encoding="utf-8"?><testsuites name="pytest tests"><testsuite name="pytest" errors="0" failures="0" skipped="0" tests="10" time="2.186" timestamp="2026-03-08T23:10:30.499401+00:00" hostname="agent-env-c09eeb1e-bd5b-4130-bcf4-4e96b49ff9de"><testcase classname="backend.tests.test_new_features_v2.TestPublicResults" name="test_picks_performance_no_auth_required" time="0.143" /><testcase classname="backend.tests.test_new_features_v2.TestPublicResults" name="test_picks_performance_returns_win_stats" time="0.114" /><testcase classname="backend.tests.test_new_features_v2.TestPublicResults" name="test_picks_performance_returns_streak_info" time="0.156" /><testcase classname="backend.tests.test_new_features_v2.TestPublicResults" name="test_picks_performance_returns_recent_picks" time="0.119" /><testcase classname="backend.tests.test_new_features_v2.TestFreeTrialExtension" name="test_extend_requires_auth" time="0.113" /><testcase classname="backend.tests.test_new_features_v2.TestFreeTrialExtension" name="test_extend_returns_400_if_already_used" time="0.687" /><testcase classname="backend.tests.test_new_features_v2.TestHealthEndpoints" name="test_health_endpoint" time="0.112" /><testcase classname="backend.tests.test_new_features_v2.TestHealthEndpoints" name="test_api_health_endpoint" time="0.138" /><testcase classname="backend.tests.test_new_features_v2.TestAuthFlow" name="test_login_with_valid_credentials" time="0.399" /><testcase classname="backend.tests.test_new_features_v2.TestPublicStatsEndpoint" name="test_public_stats_no_auth" time="0.104" /></testsuite></testsuites>