<?xml version="1.0" encoding="utf-8"?><testsuites name="pytest tests"><testsuite name="pytest" errors="0" failures="0" skipped="0" tests="20" time="15.842" timestamp="2026-02-07T05:30:54.309483+00:00" hostname="agent-env-a8d95a8b-8c44-4a78-b1b2-73153d0dba53"><testcase classname="backend.tests.test_betrslip_api.TestHealthEndpoints" name="test_health_check" time="0.078" /><testcase classname="backend.tests.test_betrslip_api.TestHealthEndpoints" name="test_api_health_check" time="0.037" /><testcase classname="backend.tests.test_betrslip_api.TestAuthentication" name="test_login_success" time="0.315" /><testcase classname="backend.tests.test_betrslip_api.TestAuthentication" name="test_login_invalid_credentials" time="0.037" /><testcase classname="backend.tests.test_betrslip_api.TestAuthentication" name="test_login_missing_fields" time="0.032" /><testcase classname="backend.tests.test_betrslip_api.TestAuthentication" name="test_get_current_user" time="0.326" /><testcase classname="backend.tests.test_betrslip_api.TestUsageTracking" name="test_get_usage" time="0.310" /><testcase classname="backend.tests.test_betrslip_api.TestUsageTracking" name="test_get_auth_usage" time="0.321" /><testcase classname="backend.tests.test_betrslip_api.TestBetSlipAnalysis" name="test_analyze_bet_slip" time="12.618" /><testcase classname="backend.tests.test_betrslip_api.TestBetSlipAnalysis" name="test_analyze_without_auth" time="0.063" /><testcase classname="backend.tests.test_betrslip_api.TestAnalysisHistory" name="test_get_analyses" time="0.312" /><testcase classname="backend.tests.test_betrslip_api.TestAnalysisHistory" name="test_get_analyses_pagination" time="0.315" /><testcase classname="backend.tests.test_betrslip_api.TestAnalysisHistory" name="test_get_analyses_without_auth" time="0.037" /><testcase classname="backend.tests.test_betrslip_api.TestLiveGames" name="test_get_live_games" time="0.283" /><testcase classname="backend.tests.test_betrslip_api.TestPublicStats" name="test_get_public_stats" time="0.040" /><testcase classname="backend.tests.test_betrslip_api.TestDailyPicks" name="test_get_daily_picks" time="0.040" /><testcase classname="backend.tests.test_betrslip_api.TestLineMovements" name="test_get_line_movements" time="0.034" /><testcase classname="backend.tests.test_betrslip_api.TestOddsComparison" name="test_get_odds_comparison_nba" time="0.034" /><testcase classname="backend.tests.test_betrslip_api.TestUSASportsHub" name="test_get_usa_sports_games" time="0.211" /><testcase classname="backend.tests.test_betrslip_api.TestParlayOptimizer" name="test_get_parlay_suggestions" time="0.308" /></testsuite></testsuites>