<?xml version="1.0" encoding="utf-8"?><testsuites name="pytest tests"><testsuite name="pytest" errors="0" failures="0" skipped="0" tests="13" time="3.095" timestamp="2026-03-10T14:57:06.270980+00:00" hostname="agent-env-e8b445fb-7499-46a1-8b56-53ea90a926b4"><testcase classname="backend.tests.test_monthly_usage_credits.TestMonthlyUsageEndpoint" name="test_usage_returns_monthly_fields" time="0.727" /><testcase classname="backend.tests.test_monthly_usage_credits.TestMonthlyUsageEndpoint" name="test_pro_user_has_100_monthly_limit" time="0.143" /><testcase classname="backend.tests.test_monthly_usage_credits.TestMonthlyUsageEndpoint" name="test_usage_tracks_bonus_credits" time="0.118" /><testcase classname="backend.tests.test_monthly_usage_credits.TestCreditPurchaseEndpoint" name="test_credits_purchase_requires_auth" time="0.133" /><testcase classname="backend.tests.test_monthly_usage_credits.TestCreditPurchaseEndpoint" name="test_credits_purchase_returns_stripe_url" time="0.529" /><testcase classname="backend.tests.test_monthly_usage_credits.TestAdminUserManagement" name="test_admin_users_endpoint" time="0.140" /><testcase classname="backend.tests.test_monthly_usage_credits.TestAdminUserManagement" name="test_admin_users_have_subscription_info" time="0.133" /><testcase classname="backend.tests.test_monthly_usage_credits.TestAdminActions" name="test_grant_subscription_endpoint" time="0.292" /><testcase classname="backend.tests.test_monthly_usage_credits.TestAdminActions" name="test_reset_usage_endpoint" time="0.145" /><testcase classname="backend.tests.test_monthly_usage_credits.TestAdminActions" name="test_add_credits_endpoint" time="0.141" /><testcase classname="backend.tests.test_monthly_usage_credits.TestAdminActions" name="test_ban_and_unban_endpoints" time="0.231" /><testcase classname="backend.tests.test_monthly_usage_credits.TestHealthEndpoints" name="test_api_health" time="0.119" /><testcase classname="backend.tests.test_monthly_usage_credits.TestHealthEndpoints" name="test_root_health" time="0.179" /></testsuite></testsuites>