<?xml version="1.0" encoding="utf-8"?><testsuites name="pytest tests"><testsuite name="pytest" errors="0" failures="0" skipped="0" tests="10" time="2.137" timestamp="2026-02-19T04:41:01.303275+00:00" hostname="agent-env-752776b4-af77-49d1-9b21-827b439b9164"><testcase classname="tests.test_landing_admin_features.TestLandingPageHealth" name="test_backend_health" time="0.144" /><testcase classname="tests.test_landing_admin_features.TestBetOfTheDayFadingPublic" name="test_bet_of_day_requires_auth" time="0.136" /><testcase classname="tests.test_landing_admin_features.TestBetOfTheDayFadingPublic" name="test_bet_of_day_returns_pick" time="0.554" /><testcase classname="tests.test_landing_admin_features.TestAdminUserDetails" name="test_admin_users_requires_admin" time="0.105" /><testcase classname="tests.test_landing_admin_features.TestAdminUserDetails" name="test_admin_users_returns_online_status" time="0.122" /><testcase classname="tests.test_landing_admin_features.TestAdminUserDetails" name="test_admin_user_detail_has_ip_info" time="0.224" /><testcase classname="tests.test_landing_admin_features.TestWeeklyLeaderboard" name="test_weekly_leaderboard_requires_auth" time="0.108" /><testcase classname="tests.test_landing_admin_features.TestWeeklyLeaderboard" name="test_weekly_leaderboard_pro_user" time="0.141" /><testcase classname="tests.test_landing_admin_features.TestAdminExpandedUserGrid" name="test_admin_users_have_grid_fields" time="0.114" /><testcase classname="tests.test_landing_admin_features.TestLoginIPTracking" name="test_login_updates_user_tracking" time="0.432" /></testsuite></testsuites>