<?xml version="1.0" encoding="utf-8"?><testsuites name="pytest tests"><testsuite name="pytest" errors="0" failures="0" skipped="0" tests="13" time="6.361" timestamp="2026-02-24T01:05:03.596610+00:00" hostname="agent-env-c09eeb1e-bd5b-4130-bcf4-4e96b49ff9de"><testcase classname="tests.test_support_features.TestPublicStats" name="test_public_stats_returns_pro_users" time="0.233" /><testcase classname="tests.test_support_features.TestPublicStats" name="test_public_stats_structure" time="0.152" /><testcase classname="tests.test_support_features.TestSupportEndpointsAuth" name="test_support_message_requires_auth" time="0.132" /><testcase classname="tests.test_support_features.TestSupportEndpointsAuth" name="test_support_messages_requires_auth" time="0.188" /><testcase classname="tests.test_support_features.TestSupportEndpointsWithAuth" name="test_create_support_message_success" time="0.700" /><testcase classname="tests.test_support_features.TestSupportEndpointsWithAuth" name="test_create_support_message_validation" time="0.782" /><testcase classname="tests.test_support_features.TestSupportEndpointsWithAuth" name="test_get_user_support_messages" time="0.665" /><testcase classname="tests.test_support_features.TestAdminSupportEndpoints" name="test_admin_get_support_messages" time="0.477" /><testcase classname="tests.test_support_features.TestAdminSupportEndpoints" name="test_admin_mark_message_read" time="0.600" /><testcase classname="tests.test_support_features.TestAdminSupportEndpoints" name="test_admin_reply_to_message" time="0.788" /><testcase classname="tests.test_support_features.TestAdminSupportEndpoints" name="test_admin_delete_message" time="0.797" /><testcase classname="tests.test_support_features.TestAdminSupportEndpoints" name="test_admin_support_requires_admin" time="0.537" /><testcase classname="tests.test_support_features.TestHealthEndpoint" name="test_health_check" time="0.155" /></testsuite></testsuites>