<?xml version="1.0" encoding="utf-8"?><testsuites name="pytest tests"><testsuite name="pytest" errors="0" failures="1" skipped="0" tests="20" time="16.752" timestamp="2026-02-07T05:30:18.939537+00:00" hostname="agent-env-a8d95a8b-8c44-4a78-b1b2-73153d0dba53"><testcase classname="backend.tests.test_betrslip_api.TestHealthEndpoints" name="test_health_check" time="0.072"><failure message="requests.exceptions.JSONDecodeError: Expecting value: line 1 column 1 (char 0)">/root/.venv/lib/python3.11/site-packages/requests/models.py:976: in json
    return complexjson.loads(self.text, **kwargs)
           ^^^^^^^^^^^^^^^^^^^^^^^^^^^^^^^^^^^^^^
/usr/local/lib/python3.11/json/__init__.py:346: in loads
    return _default_decoder.decode(s)
           ^^^^^^^^^^^^^^^^^^^^^^^^^^
/usr/local/lib/python3.11/json/decoder.py:337: in decode
    obj, end = self.raw_decode(s, idx=_w(s, 0).end())
               ^^^^^^^^^^^^^^^^^^^^^^^^^^^^^^^^^^^^^^
/usr/local/lib/python3.11/json/decoder.py:355: in raw_decode
    raise JSONDecodeError("Expecting value", s, err.value) from None
E   json.decoder.JSONDecodeError: Expecting value: line 1 column 1 (char 0)

During handling of the above exception, another exception occurred:
backend/tests/test_betrslip_api.py:33: in test_health_check
    data = response.json()
           ^^^^^^^^^^^^^^^
/root/.venv/lib/python3.11/site-packages/requests/models.py:980: in json
    raise RequestsJSONDecodeError(e.msg, e.doc, e.pos)
E   requests.exceptions.JSONDecodeError: Expecting value: line 1 column 1 (char 0)</failure></testcase><testcase classname="backend.tests.test_betrslip_api.TestHealthEndpoints" name="test_api_health_check" time="0.040" /><testcase classname="backend.tests.test_betrslip_api.TestAuthentication" name="test_login_success" time="0.301" /><testcase classname="backend.tests.test_betrslip_api.TestAuthentication" name="test_login_invalid_credentials" time="0.038" /><testcase classname="backend.tests.test_betrslip_api.TestAuthentication" name="test_login_missing_fields" time="0.075" /><testcase classname="backend.tests.test_betrslip_api.TestAuthentication" name="test_get_current_user" time="0.322" /><testcase classname="backend.tests.test_betrslip_api.TestUsageTracking" name="test_get_usage" time="0.314" /><testcase classname="backend.tests.test_betrslip_api.TestUsageTracking" name="test_get_auth_usage" time="0.317" /><testcase classname="backend.tests.test_betrslip_api.TestBetSlipAnalysis" name="test_analyze_bet_slip" time="13.302" /><testcase classname="backend.tests.test_betrslip_api.TestBetSlipAnalysis" name="test_analyze_without_auth" time="0.062" /><testcase classname="backend.tests.test_betrslip_api.TestAnalysisHistory" name="test_get_analyses" time="0.321" /><testcase classname="backend.tests.test_betrslip_api.TestAnalysisHistory" name="test_get_analyses_pagination" time="0.313" /><testcase classname="backend.tests.test_betrslip_api.TestAnalysisHistory" name="test_get_analyses_without_auth" time="0.036" /><testcase classname="backend.tests.test_betrslip_api.TestLiveGames" name="test_get_live_games" time="0.312" /><testcase classname="backend.tests.test_betrslip_api.TestPublicStats" name="test_get_public_stats" time="0.045" /><testcase classname="backend.tests.test_betrslip_api.TestDailyPicks" name="test_get_daily_picks" time="0.041" /><testcase classname="backend.tests.test_betrslip_api.TestLineMovements" name="test_get_line_movements" time="0.035" /><testcase classname="backend.tests.test_betrslip_api.TestOddsComparison" name="test_get_odds_comparison_nba" time="0.036" /><testcase classname="backend.tests.test_betrslip_api.TestUSASportsHub" name="test_get_usa_sports_games" time="0.244" /><testcase classname="backend.tests.test_betrslip_api.TestParlayOptimizer" name="test_get_parlay_suggestions" time="0.312" /></testsuite></testsuites>