<?xml version="1.0" encoding="utf-8"?><testsuites name="pytest tests"><testsuite name="pytest" errors="0" failures="0" skipped="0" tests="11" time="5.397" timestamp="2026-03-05T02:30:31.922974+00:00" hostname="agent-env-c09eeb1e-bd5b-4130-bcf4-4e96b49ff9de"><testcase classname="backend.tests.test_user_reset_usage.TestAdminLogin" name="test_admin_login_success" time="0.550" /><testcase classname="backend.tests.test_user_reset_usage.TestAdminUsersEndpoint" name="test_admin_users_accepts_limit_500" time="0.554" /><testcase classname="backend.tests.test_user_reset_usage.TestAdminUsersEndpoint" name="test_admin_users_default_limit" time="0.512" /><testcase classname="backend.tests.test_user_reset_usage.TestResetUsageEndpoint" name="test_reset_usage_endpoint_exists" time="0.509" /><testcase classname="backend.tests.test_user_reset_usage.TestResetUsageEndpoint" name="test_reset_usage_returns_proper_message" time="0.485" /><testcase classname="backend.tests.test_user_reset_usage.TestResetUsageEndpoint" name="test_reset_usage_requires_admin_auth" time="0.119" /><testcase classname="backend.tests.test_user_reset_usage.TestUsageEndpoint" name="test_usage_endpoint_returns_analyses_remaining" time="0.469" /><testcase classname="backend.tests.test_user_reset_usage.TestUsageEndpoint" name="test_usage_endpoint_returns_free_limit" time="0.493" /><testcase classname="backend.tests.test_user_reset_usage.TestUsageEndpoint" name="test_usage_endpoint_returns_is_subscribed" time="0.500" /><testcase classname="backend.tests.test_user_reset_usage.TestUsageEndpoint" name="test_usage_endpoint_all_fields" time="0.526" /><testcase classname="backend.tests.test_user_reset_usage.TestAdminUserDetails" name="test_admin_can_view_user_details" time="0.548" /></testsuite></testsuites>