<?xml version="1.0" encoding="utf-8"?><testsuites name="pytest tests"><testsuite name="pytest" errors="0" failures="0" skipped="1" tests="14" time="6.349" timestamp="2026-02-15T02:21:37.719081+00:00" hostname="agent-env-752776b4-af77-49d1-9b21-827b439b9164"><testcase classname="backend.tests.test_weekly_leaderboard.TestWeeklyLeaderboard" name="test_weekly_leaderboard_requires_auth" time="0.272" /><testcase classname="backend.tests.test_weekly_leaderboard.TestWeeklyLeaderboard" name="test_weekly_leaderboard_with_invalid_token" time="0.213" /><testcase classname="backend.tests.test_weekly_leaderboard.TestWeeklyLeaderboard" name="test_weekly_leaderboard_pro_user_success" time="0.531" /><testcase classname="backend.tests.test_weekly_leaderboard.TestWeeklyLeaderboard" name="test_weekly_leaderboard_response_structure" time="0.489" /><testcase classname="backend.tests.test_weekly_leaderboard.TestWeeklyLeaderboard" name="test_weekly_leaderboard_picks_structure" time="0.502" /><testcase classname="backend.tests.test_weekly_leaderboard.TestWeeklyLeaderboard" name="test_weekly_leaderboard_win_rate_valid" time="0.510" /><testcase classname="backend.tests.test_weekly_leaderboard.TestBetOfDayAutoSave" name="test_bet_of_day_triggers_save_to_history" time="1.348" /><testcase classname="backend.tests.test_weekly_leaderboard.TestBetOfDayAutoSave" name="test_bet_of_day_pick_has_all_fields_for_tracking" time="0.554" /><testcase classname="backend.tests.test_weekly_leaderboard.TestDailyBetCardWinningProbability" name="test_daily_bet_card_has_winning_probability" time="0.469" /><testcase classname="backend.tests.test_weekly_leaderboard.TestFreeUserProGate" name="test_free_user_setup_and_pro_gate" time="0.127"><skipped type="pytest.skip" message="Could not create test user: {&quot;detail&quot;:&quot;Not Found&quot;}">/app/backend/tests/test_weekly_leaderboard.py:239: Could not create test user: {"detail":"Not Found"}</skipped></testcase><testcase classname="backend.tests.test_weekly_leaderboard.TestAPIEndpointsHealth" name="test_health_endpoint" time="0.143" /><testcase classname="backend.tests.test_weekly_leaderboard.TestAPIEndpointsHealth" name="test_bet_of_day_endpoint_exists" time="0.462" /><testcase classname="backend.tests.test_weekly_leaderboard.TestAPIEndpointsHealth" name="test_weekly_leaderboard_endpoint_exists" time="0.509" /><testcase classname="backend.tests.test_weekly_leaderboard.TestAPIEndpointsHealth" name="test_daily_picks_endpoint_exists" time="0.154" /></testsuite></testsuites>