<?xml version="1.0" encoding="utf-8"?><testsuites name="pytest tests"><testsuite name="pytest" errors="0" failures="0" skipped="0" tests="12" time="2.766" timestamp="2026-02-23T23:08:48.588220+00:00" hostname="agent-env-752776b4-af77-49d1-9b21-827b439b9164"><testcase classname="tests.test_auth_email_validation.TestDisposableEmailBlocking" name="test_mailinator_blocked" time="0.223" /><testcase classname="tests.test_auth_email_validation.TestDisposableEmailBlocking" name="test_yopmail_blocked" time="0.123" /><testcase classname="tests.test_auth_email_validation.TestDisposableEmailBlocking" name="test_tempmail_blocked" time="0.170" /><testcase classname="tests.test_auth_email_validation.TestDisposableEmailBlocking" name="test_guerrillamail_blocked" time="0.133" /><testcase classname="tests.test_auth_email_validation.TestDisposableEmailBlocking" name="test_10minutemail_blocked" time="0.154" /><testcase classname="tests.test_auth_email_validation.TestPasswordValidation" name="test_short_password_rejected" time="0.115" /><testcase classname="tests.test_auth_email_validation.TestPasswordValidation" name="test_5_char_password_rejected" time="0.108" /><testcase classname="tests.test_auth_email_validation.TestPasswordValidation" name="test_6_char_password_allowed" time="0.404" /><testcase classname="tests.test_auth_email_validation.TestLoginWorks" name="test_admin_login_success" time="0.380" /><testcase classname="tests.test_auth_email_validation.TestLoginWorks" name="test_invalid_password_rejected" time="0.522" /><testcase classname="tests.test_auth_email_validation.TestLoginWorks" name="test_nonexistent_email_rejected" time="0.141" /><testcase classname="tests.test_auth_email_validation.TestHealthEndpoints" name="test_health_check" time="0.166" /></testsuite></testsuites>